{"C:\\Users\\renan\\OneDrive\\Área de Trabalho\\FullStack\\frontend\\trabalhoAPI\\TrabalhoFront\\backend\\index.js": {"path":"C:\\Users\\renan\\OneDrive\\Área de Trabalho\\FullStack\\frontend\\trabalhoAPI\\TrabalhoFront\\backend\\index.js","statementMap":{"0":{"start":{"line":1,"column":16},"end":{"line":1,"column":34}},"1":{"start":{"line":2,"column":13},"end":{"line":2,"column":28}},"2":{"start":{"line":3,"column":17},"end":{"line":3,"column":49}},"3":{"start":{"line":6,"column":16},"end":{"line":6,"column":41}},"4":{"start":{"line":7,"column":19},"end":{"line":7,"column":47}},"5":{"start":{"line":8,"column":20},"end":{"line":8,"column":49}},"6":{"start":{"line":9,"column":23},"end":{"line":9,"column":55}},"7":{"start":{"line":10,"column":13},"end":{"line":10,"column":40}},"8":{"start":{"line":11,"column":14},"end":{"line":11,"column":42}},"9":{"start":{"line":13,"column":12},"end":{"line":13,"column":21}},"10":{"start":{"line":14,"column":0},"end":{"line":14,"column":24}},"11":{"start":{"line":15,"column":0},"end":{"line":15,"column":16}},"12":{"start":{"line":17,"column":0},"end":{"line":19,"column":3}},"13":{"start":{"line":18,"column":2},"end":{"line":18,"column":42}},"14":{"start":{"line":21,"column":0},"end":{"line":21,"column":41}},"15":{"start":{"line":22,"column":0},"end":{"line":22,"column":45}},"16":{"start":{"line":24,"column":0},"end":{"line":24,"column":63}},"17":{"start":{"line":25,"column":0},"end":{"line":25,"column":64}},"18":{"start":{"line":29,"column":21},"end":{"line":38,"column":1}},"19":{"start":{"line":30,"column":2},"end":{"line":37,"column":3}},"20":{"start":{"line":31,"column":4},"end":{"line":31,"column":45}},"21":{"start":{"line":32,"column":4},"end":{"line":32,"column":22}},"22":{"start":{"line":33,"column":4},"end":{"line":33,"column":23}},"23":{"start":{"line":34,"column":4},"end":{"line":34,"column":63}},"24":{"start":{"line":36,"column":4},"end":{"line":36,"column":68}},"25":{"start":{"line":40,"column":0},"end":{"line":46,"column":3}},"26":{"start":{"line":41,"column":2},"end":{"line":45,"column":3}},"27":{"start":{"line":42,"column":4},"end":{"line":44,"column":7}},"28":{"start":{"line":43,"column":6},"end":{"line":43,"column":49}},"29":{"start":{"line":48,"column":0},"end":{"line":48,"column":21}}},"fnMap":{"0":{"name":"(anonymous_0)","decl":{"start":{"line":17,"column":13},"end":{"line":17,"column":14}},"loc":{"start":{"line":17,"column":27},"end":{"line":19,"column":1}},"line":17},"1":{"name":"(anonymous_1)","decl":{"start":{"line":29,"column":21},"end":{"line":29,"column":22}},"loc":{"start":{"line":29,"column":33},"end":{"line":38,"column":1}},"line":29},"2":{"name":"(anonymous_2)","decl":{"start":{"line":40,"column":20},"end":{"line":40,"column":21}},"loc":{"start":{"line":40,"column":26},"end":{"line":46,"column":1}},"line":40},"3":{"name":"(anonymous_3)","decl":{"start":{"line":42,"column":21},"end":{"line":42,"column":22}},"loc":{"start":{"line":42,"column":27},"end":{"line":44,"column":5}},"line":42}},"branchMap":{"0":{"loc":{"start":{"line":41,"column":2},"end":{"line":45,"column":3}},"type":"if","locations":[{"start":{"line":41,"column":2},"end":{"line":45,"column":3}},{"start":{},"end":{}}],"line":41}},"s":{"0":1,"1":1,"2":1,"3":1,"4":1,"5":1,"6":1,"7":1,"8":1,"9":1,"10":1,"11":1,"12":1,"13":0,"14":1,"15":1,"16":1,"17":1,"18":1,"19":1,"20":1,"21":1,"22":1,"23":1,"24":0,"25":1,"26":1,"27":1,"28":1,"29":1},"f":{"0":0,"1":1,"2":1,"3":1},"b":{"0":[1,0]},"_coverageSchema":"1a1c01bbd47fc00a2c39e90264f33305004495a9","hash":"9239cb8147daeadc02ca22982e86304a5605feae"}
,"C:\\Users\\renan\\OneDrive\\Área de Trabalho\\FullStack\\frontend\\trabalhoAPI\\TrabalhoFront\\backend\\src\\api\\breed.js": {"path":"C:\\Users\\renan\\OneDrive\\Área de Trabalho\\FullStack\\frontend\\trabalhoAPI\\TrabalhoFront\\backend\\src\\api\\breed.js","statementMap":{"0":{"start":{"line":1,"column":24},"end":{"line":1,"column":54}},"1":{"start":{"line":4,"column":69},"end":{"line":4,"column":77}},"2":{"start":{"line":5,"column":8},"end":{"line":10,"column":9}},"3":{"start":{"line":6,"column":29},"end":{"line":6,"column":114}},"4":{"start":{"line":7,"column":12},"end":{"line":7,"column":50}},"5":{"start":{"line":9,"column":12},"end":{"line":9,"column":88}},"6":{"start":{"line":14,"column":69},"end":{"line":14,"column":77}},"7":{"start":{"line":15,"column":8},"end":{"line":20,"column":9}},"8":{"start":{"line":16,"column":29},"end":{"line":16,"column":109}},"9":{"start":{"line":17,"column":12},"end":{"line":17,"column":50}},"10":{"start":{"line":19,"column":12},"end":{"line":19,"column":92}},"11":{"start":{"line":24,"column":21},"end":{"line":24,"column":29}},"12":{"start":{"line":25,"column":8},"end":{"line":30,"column":9}},"13":{"start":{"line":26,"column":29},"end":{"line":26,"column":61}},"14":{"start":{"line":27,"column":12},"end":{"line":27,"column":50}},"15":{"start":{"line":29,"column":12},"end":{"line":29,"column":90}},"16":{"start":{"line":34,"column":21},"end":{"line":34,"column":29}},"17":{"start":{"line":35,"column":8},"end":{"line":40,"column":9}},"18":{"start":{"line":36,"column":29},"end":{"line":36,"column":59}},"19":{"start":{"line":37,"column":12},"end":{"line":37,"column":50}},"20":{"start":{"line":39,"column":12},"end":{"line":39,"column":89}},"21":{"start":{"line":44,"column":8},"end":{"line":49,"column":9}},"22":{"start":{"line":45,"column":29},"end":{"line":45,"column":57}},"23":{"start":{"line":46,"column":12},"end":{"line":46,"column":50}},"24":{"start":{"line":48,"column":12},"end":{"line":48,"column":90}},"25":{"start":{"line":53,"column":0},"end":{"line":53,"column":31}}},"fnMap":{"0":{"name":"(anonymous_0)","decl":{"start":{"line":3,"column":4},"end":{"line":3,"column":5}},"loc":{"start":{"line":3,"column":31},"end":{"line":11,"column":5}},"line":3},"1":{"name":"(anonymous_1)","decl":{"start":{"line":13,"column":4},"end":{"line":13,"column":5}},"loc":{"start":{"line":13,"column":31},"end":{"line":21,"column":5}},"line":13},"2":{"name":"(anonymous_2)","decl":{"start":{"line":23,"column":4},"end":{"line":23,"column":5}},"loc":{"start":{"line":23,"column":31},"end":{"line":31,"column":5}},"line":23},"3":{"name":"(anonymous_3)","decl":{"start":{"line":33,"column":4},"end":{"line":33,"column":5}},"loc":{"start":{"line":33,"column":29},"end":{"line":41,"column":5}},"line":33},"4":{"name":"(anonymous_4)","decl":{"start":{"line":43,"column":4},"end":{"line":43,"column":5}},"loc":{"start":{"line":43,"column":30},"end":{"line":50,"column":5}},"line":43}},"branchMap":{},"s":{"0":1,"1":0,"2":0,"3":0,"4":0,"5":0,"6":0,"7":0,"8":0,"9":0,"10":0,"11":0,"12":0,"13":0,"14":0,"15":0,"16":0,"17":0,"18":0,"19":0,"20":0,"21":0,"22":0,"23":0,"24":0,"25":1},"f":{"0":0,"1":0,"2":0,"3":0,"4":0},"b":{},"_coverageSchema":"1a1c01bbd47fc00a2c39e90264f33305004495a9","hash":"34d664f13617ff729a3caccb2a820e26c717404b"}
,"C:\\Users\\renan\\OneDrive\\Área de Trabalho\\FullStack\\frontend\\trabalhoAPI\\TrabalhoFront\\backend\\src\\api\\user.js": {"path":"C:\\Users\\renan\\OneDrive\\Área de Trabalho\\FullStack\\frontend\\trabalhoAPI\\TrabalhoFront\\backend\\src\\api\\user.js","statementMap":{"0":{"start":{"line":1,"column":23},"end":{"line":1,"column":52}},"1":{"start":{"line":5,"column":39},"end":{"line":5,"column":47}},"2":{"start":{"line":7,"column":8},"end":{"line":12,"column":9}},"3":{"start":{"line":8,"column":25},"end":{"line":8,"column":76}},"4":{"start":{"line":9,"column":12},"end":{"line":9,"column":45}},"5":{"start":{"line":11,"column":12},"end":{"line":11,"column":87}},"6":{"start":{"line":16,"column":23},"end":{"line":16,"column":33}},"7":{"start":{"line":17,"column":39},"end":{"line":17,"column":47}},"8":{"start":{"line":19,"column":8},"end":{"line":24,"column":9}},"9":{"start":{"line":20,"column":25},"end":{"line":20,"column":84}},"10":{"start":{"line":21,"column":12},"end":{"line":21,"column":45}},"11":{"start":{"line":23,"column":12},"end":{"line":23,"column":89}},"12":{"start":{"line":28,"column":23},"end":{"line":28,"column":33}},"13":{"start":{"line":30,"column":8},"end":{"line":35,"column":9}},"14":{"start":{"line":31,"column":12},"end":{"line":31,"column":51}},"15":{"start":{"line":32,"column":12},"end":{"line":32,"column":41}},"16":{"start":{"line":34,"column":12},"end":{"line":34,"column":89}},"17":{"start":{"line":39,"column":8},"end":{"line":44,"column":9}},"18":{"start":{"line":40,"column":26},"end":{"line":40,"column":53}},"19":{"start":{"line":41,"column":12},"end":{"line":41,"column":46}},"20":{"start":{"line":43,"column":12},"end":{"line":43,"column":88}},"21":{"start":{"line":48,"column":8},"end":{"line":53,"column":9}},"22":{"start":{"line":49,"column":25},"end":{"line":49,"column":77}},"23":{"start":{"line":50,"column":12},"end":{"line":50,"column":45}},"24":{"start":{"line":52,"column":12},"end":{"line":52,"column":88}},"25":{"start":{"line":57,"column":33},"end":{"line":57,"column":41}},"26":{"start":{"line":58,"column":8},"end":{"line":58,"column":29}},"27":{"start":{"line":59,"column":8},"end":{"line":65,"column":9}},"28":{"start":{"line":60,"column":26},"end":{"line":60,"column":66}},"29":{"start":{"line":62,"column":12},"end":{"line":62,"column":43}},"30":{"start":{"line":64,"column":12},"end":{"line":64,"column":54}},"31":{"start":{"line":69,"column":0},"end":{"line":69,"column":30}}},"fnMap":{"0":{"name":"(anonymous_0)","decl":{"start":{"line":4,"column":4},"end":{"line":4,"column":5}},"loc":{"start":{"line":4,"column":31},"end":{"line":13,"column":5}},"line":4},"1":{"name":"(anonymous_1)","decl":{"start":{"line":15,"column":4},"end":{"line":15,"column":5}},"loc":{"start":{"line":15,"column":31},"end":{"line":25,"column":5}},"line":15},"2":{"name":"(anonymous_2)","decl":{"start":{"line":27,"column":4},"end":{"line":27,"column":5}},"loc":{"start":{"line":27,"column":31},"end":{"line":36,"column":5}},"line":27},"3":{"name":"(anonymous_3)","decl":{"start":{"line":38,"column":4},"end":{"line":38,"column":5}},"loc":{"start":{"line":38,"column":30},"end":{"line":45,"column":5}},"line":38},"4":{"name":"(anonymous_4)","decl":{"start":{"line":47,"column":4},"end":{"line":47,"column":5}},"loc":{"start":{"line":47,"column":32},"end":{"line":54,"column":5}},"line":47},"5":{"name":"(anonymous_5)","decl":{"start":{"line":56,"column":4},"end":{"line":56,"column":5}},"loc":{"start":{"line":56,"column":26},"end":{"line":66,"column":5}},"line":56}},"branchMap":{"0":{"loc":{"start":{"line":49,"column":55},"end":{"line":49,"column":76}},"type":"binary-expr","locations":[{"start":{"line":49,"column":55},"end":{"line":49,"column":71}},{"start":{"line":49,"column":75},"end":{"line":49,"column":76}}],"line":49}},"s":{"0":1,"1":1,"2":1,"3":1,"4":0,"5":1,"6":0,"7":0,"8":0,"9":0,"10":0,"11":0,"12":0,"13":0,"14":0,"15":0,"16":0,"17":0,"18":0,"19":0,"20":0,"21":0,"22":0,"23":0,"24":0,"25":1,"26":1,"27":1,"28":1,"29":1,"30":0,"31":1},"f":{"0":1,"1":0,"2":0,"3":0,"4":0,"5":1},"b":{"0":[0,0]},"_coverageSchema":"1a1c01bbd47fc00a2c39e90264f33305004495a9","hash":"41ba02ff3dcfe072da85ee55d5c110fb44509123"}
,"C:\\Users\\renan\\OneDrive\\Área de Trabalho\\FullStack\\frontend\\trabalhoAPI\\TrabalhoFront\\backend\\src\\config\\database.js": {"path":"C:\\Users\\renan\\OneDrive\\Área de Trabalho\\FullStack\\frontend\\trabalhoAPI\\TrabalhoFront\\backend\\src\\config\\database.js","statementMap":{"0":{"start":{"line":1,"column":22},"end":{"line":1,"column":42}},"1":{"start":{"line":6,"column":8},"end":{"line":6,"column":20}},"2":{"start":{"line":10,"column":8},"end":{"line":17,"column":11}},"3":{"start":{"line":21,"column":0},"end":{"line":21,"column":32}}},"fnMap":{"0":{"name":"(anonymous_0)","decl":{"start":{"line":5,"column":4},"end":{"line":5,"column":5}},"loc":{"start":{"line":5,"column":18},"end":{"line":7,"column":5}},"line":5},"1":{"name":"(anonymous_1)","decl":{"start":{"line":9,"column":4},"end":{"line":9,"column":5}},"loc":{"start":{"line":9,"column":11},"end":{"line":18,"column":5}},"line":9}},"branchMap":{},"s":{"0":3,"1":3,"2":3,"3":3},"f":{"0":3,"1":3},"b":{},"_coverageSchema":"1a1c01bbd47fc00a2c39e90264f33305004495a9","hash":"56cdcf6a38b5ffdf13a51e7f0cf1f6b17a670cb2"}
,"C:\\Users\\renan\\OneDrive\\Área de Trabalho\\FullStack\\frontend\\trabalhoAPI\\TrabalhoFront\\backend\\src\\controller\\breed.js": {"path":"C:\\Users\\renan\\OneDrive\\Área de Trabalho\\FullStack\\frontend\\trabalhoAPI\\TrabalhoFront\\backend\\src\\controller\\breed.js","statementMap":{"0":{"start":{"line":1,"column":19},"end":{"line":1,"column":44}},"1":{"start":{"line":6,"column":30},"end":{"line":14,"column":10}},"2":{"start":{"line":16,"column":8},"end":{"line":16,"column":29}},"3":{"start":{"line":20,"column":25},"end":{"line":20,"column":64}},"4":{"start":{"line":21,"column":8},"end":{"line":23,"column":9}},"5":{"start":{"line":22,"column":12},"end":{"line":22,"column":29}},"6":{"start":{"line":25,"column":30},"end":{"line":32,"column":24}},"7":{"start":{"line":34,"column":8},"end":{"line":34,"column":29}},"8":{"start":{"line":38,"column":25},"end":{"line":38,"column":64}},"9":{"start":{"line":39,"column":8},"end":{"line":41,"column":9}},"10":{"start":{"line":40,"column":12},"end":{"line":40,"column":29}},"11":{"start":{"line":43,"column":30},"end":{"line":43,"column":69}},"12":{"start":{"line":44,"column":8},"end":{"line":44,"column":29}},"13":{"start":{"line":48,"column":0},"end":{"line":48,"column":39}}},"fnMap":{"0":{"name":"(anonymous_0)","decl":{"start":{"line":4,"column":4},"end":{"line":4,"column":5}},"loc":{"start":{"line":4,"column":83},"end":{"line":17,"column":5}},"line":4},"1":{"name":"(anonymous_1)","decl":{"start":{"line":19,"column":4},"end":{"line":19,"column":5}},"loc":{"start":{"line":19,"column":78},"end":{"line":35,"column":5}},"line":19},"2":{"name":"(anonymous_2)","decl":{"start":{"line":37,"column":4},"end":{"line":37,"column":5}},"loc":{"start":{"line":37,"column":20},"end":{"line":45,"column":5}},"line":37}},"branchMap":{"0":{"loc":{"start":{"line":21,"column":8},"end":{"line":23,"column":9}},"type":"if","locations":[{"start":{"line":21,"column":8},"end":{"line":23,"column":9}},{"start":{},"end":{}}],"line":21},"1":{"loc":{"start":{"line":39,"column":8},"end":{"line":41,"column":9}},"type":"if","locations":[{"start":{"line":39,"column":8},"end":{"line":41,"column":9}},{"start":{},"end":{}}],"line":39}},"s":{"0":2,"1":1,"2":0,"3":0,"4":0,"5":0,"6":0,"7":0,"8":0,"9":0,"10":0,"11":0,"12":0,"13":2},"f":{"0":1,"1":0,"2":0},"b":{"0":[0,0],"1":[0,0]},"_coverageSchema":"1a1c01bbd47fc00a2c39e90264f33305004495a9","hash":"9cd1b090400bb004f7cf0748646ad4eb5b1e4624"}
,"C:\\Users\\renan\\OneDrive\\Área de Trabalho\\FullStack\\frontend\\trabalhoAPI\\TrabalhoFront\\backend\\src\\controller\\user.js": {"path":"C:\\Users\\renan\\OneDrive\\Área de Trabalho\\FullStack\\frontend\\trabalhoAPI\\TrabalhoFront\\backend\\src\\controller\\user.js","statementMap":{"0":{"start":{"line":1,"column":13},"end":{"line":1,"column":37}},"1":{"start":{"line":2,"column":15},"end":{"line":2,"column":32}},"2":{"start":{"line":3,"column":12},"end":{"line":3,"column":35}},"3":{"start":{"line":5,"column":19},"end":{"line":5,"column":28}},"4":{"start":{"line":6,"column":19},"end":{"line":6,"column":21}},"5":{"start":{"line":10,"column":4},"end":{"line":12,"column":5}},"6":{"start":{"line":11,"column":6},"end":{"line":11,"column":63}},"7":{"start":{"line":14,"column":24},"end":{"line":14,"column":68}},"8":{"start":{"line":16,"column":22},"end":{"line":20,"column":6}},"9":{"start":{"line":22,"column":4},"end":{"line":22,"column":21}},"10":{"start":{"line":26,"column":4},"end":{"line":28,"column":5}},"11":{"start":{"line":27,"column":6},"end":{"line":27,"column":43}},"12":{"start":{"line":30,"column":22},"end":{"line":30,"column":45}},"13":{"start":{"line":32,"column":4},"end":{"line":34,"column":5}},"14":{"start":{"line":33,"column":6},"end":{"line":33,"column":49}},"15":{"start":{"line":36,"column":4},"end":{"line":36,"column":21}},"16":{"start":{"line":40,"column":20},"end":{"line":40,"column":43}},"17":{"start":{"line":41,"column":4},"end":{"line":46,"column":5}},"18":{"start":{"line":42,"column":24},"end":{"line":42,"column":64}},"19":{"start":{"line":43,"column":6},"end":{"line":45,"column":7}},"20":{"start":{"line":44,"column":8},"end":{"line":44,"column":48}},"21":{"start":{"line":47,"column":4},"end":{"line":47,"column":40}},"22":{"start":{"line":48,"column":4},"end":{"line":48,"column":43}},"23":{"start":{"line":49,"column":4},"end":{"line":51,"column":22}},"24":{"start":{"line":52,"column":4},"end":{"line":52,"column":19}},"25":{"start":{"line":54,"column":4},"end":{"line":54,"column":19}},"26":{"start":{"line":58,"column":4},"end":{"line":60,"column":5}},"27":{"start":{"line":59,"column":6},"end":{"line":59,"column":43}},"28":{"start":{"line":61,"column":22},"end":{"line":61,"column":45}},"29":{"start":{"line":62,"column":4},"end":{"line":62,"column":24}},"30":{"start":{"line":64,"column":4},"end":{"line":64,"column":11}},"31":{"start":{"line":68,"column":4},"end":{"line":68,"column":26}},"32":{"start":{"line":72,"column":4},"end":{"line":74,"column":5}},"33":{"start":{"line":73,"column":6},"end":{"line":73,"column":57}},"34":{"start":{"line":76,"column":22},"end":{"line":76,"column":62}},"35":{"start":{"line":78,"column":4},"end":{"line":80,"column":5}},"36":{"start":{"line":79,"column":6},"end":{"line":79,"column":56}},"37":{"start":{"line":82,"column":24},"end":{"line":82,"column":70}},"38":{"start":{"line":83,"column":4},"end":{"line":85,"column":5}},"39":{"start":{"line":84,"column":6},"end":{"line":84,"column":56}},"40":{"start":{"line":87,"column":4},"end":{"line":87,"column":78}},"41":{"start":{"line":91,"column":0},"end":{"line":91,"column":38}}},"fnMap":{"0":{"name":"(anonymous_0)","decl":{"start":{"line":9,"column":2},"end":{"line":9,"column":3}},"loc":{"start":{"line":9,"column":39},"end":{"line":23,"column":3}},"line":9},"1":{"name":"(anonymous_1)","decl":{"start":{"line":25,"column":2},"end":{"line":25,"column":3}},"loc":{"start":{"line":25,"column":21},"end":{"line":37,"column":3}},"line":25},"2":{"name":"(anonymous_2)","decl":{"start":{"line":39,"column":2},"end":{"line":39,"column":3}},"loc":{"start":{"line":39,"column":39},"end":{"line":55,"column":3}},"line":39},"3":{"name":"(anonymous_3)","decl":{"start":{"line":57,"column":2},"end":{"line":57,"column":3}},"loc":{"start":{"line":57,"column":19},"end":{"line":65,"column":3}},"line":57},"4":{"name":"(anonymous_4)","decl":{"start":{"line":67,"column":2},"end":{"line":67,"column":3}},"loc":{"start":{"line":67,"column":15},"end":{"line":69,"column":3}},"line":67},"5":{"name":"(anonymous_5)","decl":{"start":{"line":71,"column":2},"end":{"line":71,"column":3}},"loc":{"start":{"line":71,"column":28},"end":{"line":88,"column":3}},"line":71}},"branchMap":{"0":{"loc":{"start":{"line":10,"column":4},"end":{"line":12,"column":5}},"type":"if","locations":[{"start":{"line":10,"column":4},"end":{"line":12,"column":5}},{"start":{},"end":{}}],"line":10},"1":{"loc":{"start":{"line":10,"column":8},"end":{"line":10,"column":33}},"type":"binary-expr","locations":[{"start":{"line":10,"column":8},"end":{"line":10,"column":13}},{"start":{"line":10,"column":17},"end":{"line":10,"column":23}},{"start":{"line":10,"column":27},"end":{"line":10,"column":33}}],"line":10},"2":{"loc":{"start":{"line":26,"column":4},"end":{"line":28,"column":5}},"type":"if","locations":[{"start":{"line":26,"column":4},"end":{"line":28,"column":5}},{"start":{},"end":{}}],"line":26},"3":{"loc":{"start":{"line":32,"column":4},"end":{"line":34,"column":5}},"type":"if","locations":[{"start":{"line":32,"column":4},"end":{"line":34,"column":5}},{"start":{},"end":{}}],"line":32},"4":{"loc":{"start":{"line":41,"column":4},"end":{"line":46,"column":5}},"type":"if","locations":[{"start":{"line":41,"column":4},"end":{"line":46,"column":5}},{"start":{},"end":{}}],"line":41},"5":{"loc":{"start":{"line":43,"column":6},"end":{"line":45,"column":7}},"type":"if","locations":[{"start":{"line":43,"column":6},"end":{"line":45,"column":7}},{"start":{},"end":{}}],"line":43},"6":{"loc":{"start":{"line":43,"column":10},"end":{"line":43,"column":42}},"type":"binary-expr","locations":[{"start":{"line":43,"column":10},"end":{"line":43,"column":19}},{"start":{"line":43,"column":23},"end":{"line":43,"column":42}}],"line":43},"7":{"loc":{"start":{"line":47,"column":19},"end":{"line":47,"column":39}},"type":"binary-expr","locations":[{"start":{"line":47,"column":19},"end":{"line":47,"column":23}},{"start":{"line":47,"column":27},"end":{"line":47,"column":39}}],"line":47},"8":{"loc":{"start":{"line":48,"column":20},"end":{"line":48,"column":42}},"type":"binary-expr","locations":[{"start":{"line":48,"column":20},"end":{"line":48,"column":25}},{"start":{"line":48,"column":29},"end":{"line":48,"column":42}}],"line":48},"9":{"loc":{"start":{"line":49,"column":20},"end":{"line":51,"column":21}},"type":"cond-expr","locations":[{"start":{"line":50,"column":8},"end":{"line":50,"column":52}},{"start":{"line":51,"column":8},"end":{"line":51,"column":21}}],"line":49},"10":{"loc":{"start":{"line":58,"column":4},"end":{"line":60,"column":5}},"type":"if","locations":[{"start":{"line":58,"column":4},"end":{"line":60,"column":5}},{"start":{},"end":{}}],"line":58},"11":{"loc":{"start":{"line":72,"column":4},"end":{"line":74,"column":5}},"type":"if","locations":[{"start":{"line":72,"column":4},"end":{"line":74,"column":5}},{"start":{},"end":{}}],"line":72},"12":{"loc":{"start":{"line":72,"column":8},"end":{"line":72,"column":50}},"type":"binary-expr","locations":[{"start":{"line":72,"column":8},"end":{"line":72,"column":27}},{"start":{"line":72,"column":31},"end":{"line":72,"column":50}}],"line":72},"13":{"loc":{"start":{"line":78,"column":4},"end":{"line":80,"column":5}},"type":"if","locations":[{"start":{"line":78,"column":4},"end":{"line":80,"column":5}},{"start":{},"end":{}}],"line":78},"14":{"loc":{"start":{"line":83,"column":4},"end":{"line":85,"column":5}},"type":"if","locations":[{"start":{"line":83,"column":4},"end":{"line":85,"column":5}},{"start":{},"end":{}}],"line":83}},"s":{"0":2,"1":2,"2":2,"3":2,"4":2,"5":2,"6":0,"7":2,"8":2,"9":1,"10":5,"11":0,"12":5,"13":5,"14":0,"15":5,"16":1,"17":1,"18":1,"19":1,"20":0,"21":1,"22":1,"23":1,"24":1,"25":1,"26":1,"27":0,"28":1,"29":1,"30":1,"31":0,"32":1,"33":0,"34":1,"35":1,"36":0,"37":1,"38":1,"39":0,"40":1,"41":2},"f":{"0":2,"1":5,"2":1,"3":1,"4":0,"5":1},"b":{"0":[0,2],"1":[2,2,2],"2":[0,5],"3":[0,5],"4":[1,0],"5":[0,1],"6":[1,0],"7":[1,0],"8":[1,0],"9":[1,0],"10":[0,1],"11":[0,1],"12":[1,1],"13":[0,1],"14":[0,1]},"_coverageSchema":"1a1c01bbd47fc00a2c39e90264f33305004495a9","hash":"b9f34d959cefa1b4bc3da541b9f60afd9717b153"}
,"C:\\Users\\renan\\OneDrive\\Área de Trabalho\\FullStack\\frontend\\trabalhoAPI\\TrabalhoFront\\backend\\src\\middleware\\auth.js": {"path":"C:\\Users\\renan\\OneDrive\\Área de Trabalho\\FullStack\\frontend\\trabalhoAPI\\TrabalhoFront\\backend\\src\\middleware\\auth.js","statementMap":{"0":{"start":{"line":1,"column":12},"end":{"line":1,"column":35}},"1":{"start":{"line":2,"column":13},"end":{"line":2,"column":42}},"2":{"start":{"line":5,"column":2},"end":{"line":34,"column":3}},"3":{"start":{"line":6,"column":18},"end":{"line":6,"column":46}},"4":{"start":{"line":8,"column":4},"end":{"line":10,"column":5}},"5":{"start":{"line":9,"column":6},"end":{"line":9,"column":71}},"6":{"start":{"line":12,"column":4},"end":{"line":33,"column":7}},"7":{"start":{"line":13,"column":6},"end":{"line":32,"column":7}},"8":{"start":{"line":14,"column":8},"end":{"line":16,"column":9}},"9":{"start":{"line":15,"column":10},"end":{"line":15,"column":70}},"10":{"start":{"line":18,"column":27},"end":{"line":18,"column":58}},"11":{"start":{"line":20,"column":8},"end":{"line":22,"column":9}},"12":{"start":{"line":21,"column":10},"end":{"line":21,"column":78}},"13":{"start":{"line":23,"column":8},"end":{"line":25,"column":9}},"14":{"start":{"line":24,"column":10},"end":{"line":24,"column":69}},"15":{"start":{"line":27,"column":8},"end":{"line":27,"column":30}},"16":{"start":{"line":29,"column":8},"end":{"line":29,"column":15}},"17":{"start":{"line":31,"column":8},"end":{"line":31,"column":76}},"18":{"start":{"line":37,"column":0},"end":{"line":37,"column":32}}},"fnMap":{"0":{"name":"authMiddleware","decl":{"start":{"line":4,"column":9},"end":{"line":4,"column":23}},"loc":{"start":{"line":4,"column":36},"end":{"line":35,"column":1}},"line":4},"1":{"name":"(anonymous_1)","decl":{"start":{"line":5,"column":9},"end":{"line":5,"column":10}},"loc":{"start":{"line":5,"column":29},"end":{"line":34,"column":3}},"line":5},"2":{"name":"(anonymous_2)","decl":{"start":{"line":12,"column":33},"end":{"line":12,"column":34}},"loc":{"start":{"line":12,"column":57},"end":{"line":33,"column":5}},"line":12}},"branchMap":{"0":{"loc":{"start":{"line":4,"column":24},"end":{"line":4,"column":34}},"type":"default-arg","locations":[{"start":{"line":4,"column":32},"end":{"line":4,"column":34}}],"line":4},"1":{"loc":{"start":{"line":8,"column":4},"end":{"line":10,"column":5}},"type":"if","locations":[{"start":{"line":8,"column":4},"end":{"line":10,"column":5}},{"start":{},"end":{}}],"line":8},"2":{"loc":{"start":{"line":14,"column":8},"end":{"line":16,"column":9}},"type":"if","locations":[{"start":{"line":14,"column":8},"end":{"line":16,"column":9}},{"start":{},"end":{}}],"line":14},"3":{"loc":{"start":{"line":20,"column":8},"end":{"line":22,"column":9}},"type":"if","locations":[{"start":{"line":20,"column":8},"end":{"line":22,"column":9}},{"start":{},"end":{}}],"line":20},"4":{"loc":{"start":{"line":23,"column":8},"end":{"line":25,"column":9}},"type":"if","locations":[{"start":{"line":23,"column":8},"end":{"line":25,"column":9}},{"start":{},"end":{}}],"line":23},"5":{"loc":{"start":{"line":23,"column":11},"end":{"line":23,"column":64}},"type":"binary-expr","locations":[{"start":{"line":23,"column":11},"end":{"line":23,"column":23}},{"start":{"line":23,"column":27},"end":{"line":23,"column":64}}],"line":23}},"s":{"0":1,"1":1,"2":2,"3":3,"4":3,"5":0,"6":3,"7":3,"8":3,"9":0,"10":3,"11":3,"12":0,"13":3,"14":3,"15":0,"16":0,"17":0,"18":1},"f":{"0":2,"1":3,"2":3},"b":{"0":[0],"1":[0,3],"2":[0,3],"3":[0,3],"4":[3,0],"5":[3,3]},"_coverageSchema":"1a1c01bbd47fc00a2c39e90264f33305004495a9","hash":"11b8a75c61033fbbcc605d46e8817f3fefd95837"}
,"C:\\Users\\renan\\OneDrive\\Área de Trabalho\\FullStack\\frontend\\trabalhoAPI\\TrabalhoFront\\backend\\src\\model\\breed.js": {"path":"C:\\Users\\renan\\OneDrive\\Área de Trabalho\\FullStack\\frontend\\trabalhoAPI\\TrabalhoFront\\backend\\src\\model\\breed.js","statementMap":{"0":{"start":{"line":1,"column":17},"end":{"line":1,"column":46}},"1":{"start":{"line":5,"column":8},"end":{"line":28,"column":11}},"2":{"start":{"line":32,"column":0},"end":{"line":32,"column":35}}},"fnMap":{"0":{"name":"(anonymous_0)","decl":{"start":{"line":4,"column":4},"end":{"line":4,"column":5}},"loc":{"start":{"line":4,"column":18},"end":{"line":29,"column":5}},"line":4}},"branchMap":{},"s":{"0":2,"1":2,"2":2},"f":{"0":2},"b":{},"_coverageSchema":"1a1c01bbd47fc00a2c39e90264f33305004495a9","hash":"f62e245f68e81666f3531b5d412217f5e0517980"}
,"C:\\Users\\renan\\OneDrive\\Área de Trabalho\\FullStack\\frontend\\trabalhoAPI\\TrabalhoFront\\backend\\src\\model\\user.js": {"path":"C:\\Users\\renan\\OneDrive\\Área de Trabalho\\FullStack\\frontend\\trabalhoAPI\\TrabalhoFront\\backend\\src\\model\\user.js","statementMap":{"0":{"start":{"line":1,"column":17},"end":{"line":1,"column":46}},"1":{"start":{"line":5,"column":4},"end":{"line":26,"column":7}},"2":{"start":{"line":30,"column":0},"end":{"line":30,"column":34}}},"fnMap":{"0":{"name":"(anonymous_0)","decl":{"start":{"line":4,"column":2},"end":{"line":4,"column":3}},"loc":{"start":{"line":4,"column":16},"end":{"line":27,"column":3}},"line":4}},"branchMap":{},"s":{"0":2,"1":2,"2":2},"f":{"0":2},"b":{},"_coverageSchema":"1a1c01bbd47fc00a2c39e90264f33305004495a9","hash":"eb13e27c8f63056c7f873af83df29dccee42969d"}
,"C:\\Users\\renan\\OneDrive\\Área de Trabalho\\FullStack\\frontend\\trabalhoAPI\\TrabalhoFront\\backend\\src\\routes\\breed.js": {"path":"C:\\Users\\renan\\OneDrive\\Área de Trabalho\\FullStack\\frontend\\trabalhoAPI\\TrabalhoFront\\backend\\src\\routes\\breed.js","statementMap":{"0":{"start":{"line":1,"column":16},"end":{"line":1,"column":34}},"1":{"start":{"line":3,"column":17},"end":{"line":3,"column":40}},"2":{"start":{"line":4,"column":15},"end":{"line":4,"column":31}},"3":{"start":{"line":6,"column":0},"end":{"line":6,"column":39}},"4":{"start":{"line":7,"column":0},"end":{"line":7,"column":41}},"5":{"start":{"line":8,"column":0},"end":{"line":8,"column":44}},"6":{"start":{"line":9,"column":0},"end":{"line":9,"column":37}},"7":{"start":{"line":11,"column":0},"end":{"line":11,"column":24}}},"fnMap":{},"branchMap":{},"s":{"0":1,"1":1,"2":1,"3":1,"4":1,"5":1,"6":1,"7":1},"f":{},"b":{},"_coverageSchema":"1a1c01bbd47fc00a2c39e90264f33305004495a9","hash":"35f5b865b8e146c5207096e187034edabbfc36ad"}
,"C:\\Users\\renan\\OneDrive\\Área de Trabalho\\FullStack\\frontend\\trabalhoAPI\\TrabalhoFront\\backend\\src\\routes\\user.js": {"path":"C:\\Users\\renan\\OneDrive\\Área de Trabalho\\FullStack\\frontend\\trabalhoAPI\\TrabalhoFront\\backend\\src\\routes\\user.js","statementMap":{"0":{"start":{"line":1,"column":16},"end":{"line":1,"column":34}},"1":{"start":{"line":3,"column":16},"end":{"line":3,"column":38}},"2":{"start":{"line":4,"column":15},"end":{"line":4,"column":31}},"3":{"start":{"line":6,"column":0},"end":{"line":6,"column":39}},"4":{"start":{"line":7,"column":0},"end":{"line":7,"column":35}},"5":{"start":{"line":8,"column":0},"end":{"line":8,"column":44}},"6":{"start":{"line":9,"column":0},"end":{"line":9,"column":42}},"7":{"start":{"line":11,"column":0},"end":{"line":11,"column":24}}},"fnMap":{},"branchMap":{},"s":{"0":1,"1":1,"2":1,"3":1,"4":1,"5":1,"6":1,"7":1},"f":{},"b":{},"_coverageSchema":"1a1c01bbd47fc00a2c39e90264f33305004495a9","hash":"9248700dc35a43e4d3e9b55b8d641ef4875647e5"}
}
